Added Pin To Net: NetName=+3V3 Pin=C3-1
Added Pin To Net: NetName=+3V3 Pin=C4-1
Added Pin To Net: NetName=+3V3 Pin=MCU1-4
Change Net Name : Old Net Name=NetB1_4 New Net Name=NRST
Change Net Name : Old Net Name=NetC5_1 New Net Name=OSC_IN
Change Net Name : Old Net Name=NetC6_1 New Net Name=OSC_OUT
Change Net Name : Old Net Name=NetJ2_1 New Net Name=PA0
Change Net Name : Old Net Name=NetJ2_2 New Net Name=PA1
Change Net Name : Old Net Name=NetJ2_3 New Net Name=PA2
Change Net Name : Old Net Name=NetJ2_4 New Net Name=PA3
Change Net Name : Old Net Name=NetJ3_1 New Net Name=PB6
Change Net Name : Old Net Name=NetJ3_2 New Net Name=PB7
Change Net Name : Old Net Name=NetJ4_1 New Net Name=PA4
Change Net Name : Old Net Name=NetJ4_2 New Net Name=PA5
Change Net Name : Old Net Name=NetJ4_3 New Net Name=PA6
Change Net Name : Old Net Name=NetJ4_4 New Net Name=PA7
Change Net Name : Old Net Name=NetJ5_2 New Net Name=SWDIO
Change Net Name : Old Net Name=NetJ5_3 New Net Name=SWCLK
Change Net Name : Old Net Name=NetJ6_1 New Net Name=PA8
Change Net Name : Old Net Name=NetJ6_2 New Net Name=PA11
Change Net Name : Old Net Name=NetJ6_3 New Net Name=PA12
Added Member To Class: ClassName=Sheet1 Member=Component U1 AP7381-33Y-13
