Replace Part B1 button in E:\documents\microuni\pcb1\Sheet1.SchDoc with button from myparts.SchLib
Update Managed Component C1 From CMP-14477-002986-2[2u2] To CMP-14477-002986-2[HMK325B7225KM-P] in Sheet1.SchDoc
Replace Part C2 C1206F105K5RAC7800 in E:\documents\microuni\pcb1\Sheet1.SchDoc with C1206F105K5RAC7800 from C1206F105K5RAC7800.SchLib
Replace Part C3 12062C104JAT2A in E:\documents\microuni\pcb1\Sheet1.SchDoc with 12062C104JAT2A from 12062C104JAT2A.SchLib
Update Managed Component C4 From CMP-14477-002986-2[2u2] To CMP-14477-002986-2[HMK325B7225KM-P] in Sheet1.SchDoc
Update Managed Component C5 From CMP-1037-01110-2[30pF] To CMP-1037-01110-2[C1206C300J1GACTU] in Sheet1.SchDoc
Update Managed Component C6 From CMP-1037-01110-2[30pF] To CMP-1037-01110-2[C1206C300J1GACTU] in Sheet1.SchDoc
Replace Part C7 12062C104JAT2A in E:\documents\microuni\pcb1\Sheet1.SchDoc with 12062C104JAT2A from 12062C104JAT2A.SchLib
Update Managed Component D1 From CMP-44529-000067-1[APT3216LSECK/J4-PRV] To CMP-44529-000067-1[APT3216LSECK/J4-PRV] in Sheet1.SchDoc
Replace Part J1 ZX62D-B-5PA8_30_ in E:\documents\microuni\pcb1\Sheet1.SchDoc with ZX62D-B-5PA8_30_ from ZX62D-B-5PA8_30_.SchLib
Replace Part J2 G8250041000YEU in E:\documents\microuni\pcb1\Sheet1.SchDoc with G8250041000YEU from G8250041000YEU.IntLib
Replace Part J3 G8250041000YEU in E:\documents\microuni\pcb1\Sheet1.SchDoc with G8250041000YEU from G8250041000YEU.IntLib
Replace Part J4 G8250041000YEU in E:\documents\microuni\pcb1\Sheet1.SchDoc with G8250041000YEU from G8250041000YEU.IntLib
Replace Part J5 G8250041000YEU in E:\documents\microuni\pcb1\Sheet1.SchDoc with G8250041000YEU from G8250041000YEU.IntLib
Replace Part J6 G8250041000YEU in E:\documents\microuni\pcb1\Sheet1.SchDoc with G8250041000YEU from G8250041000YEU.IntLib
Replace Part MCU1 STM32C011F4P6 in E:\documents\microuni\pcb1\Sheet1.SchDoc with STM32C011F4P6 from STM32C011F4P6.SchLib
Replace Part R1 CRCW1206750RJNTA in E:\documents\microuni\pcb1\Sheet1.SchDoc with CRCW1206750RJNTA from CRCW1206750RJNTA.SchLib
Replace Part R2 CRCW121010K0JNEAIF in E:\documents\microuni\pcb1\Sheet1.SchDoc with CRCW121010K0JNEAIF from CRCW121010K0JNEAIF.SchLib
Update Managed Component U1 From CMP-12756-000003-1[AP7381-33Y-13] To CMP-12756-000003-1[AP7381-33Y-13] in Sheet1.SchDoc
Replace Part Y1 crystal48MHz in E:\documents\microuni\pcb1\Sheet1.SchDoc with crystal48MHz from myparts.SchLib
